0 Sat Dec 20 11:25:29 2025 A new data.csv file has been created
1 Sat Dec 20 11:25:29 2025 Sensor node 15 has opened a new connection
2 Sat Dec 20 11:25:29 2025 Data insertion from sensor 15 succeeded
3 Sat Dec 20 11:25:29 2025 Sensor node 21 has opened a new connection
4 Sat Dec 20 11:25:29 2025 Data insertion from sensor 21 succeeded
5 Sat Dec 20 11:25:29 2025 Sensor node 37 has opened a new connection
6 Sat Dec 20 11:25:29 2025 Data insertion from sensor 37 succeeded
7 Sat Dec 20 11:25:30 2025 Data insertion from sensor 15 succeeded
8 Sat Dec 20 11:25:31 2025 Data insertion from sensor 15 succeeded
9 Sat Dec 20 11:25:31 2025 Data insertion from sensor 37 succeeded
10 Sat Dec 20 11:25:32 2025 Data insertion from sensor 15 succeeded
11 Sat Dec 20 11:25:32 2025 Data insertion from sensor 21 succeeded
12 Sat Dec 20 11:25:33 2025 Sensor node 15 reports it's too hot (avg temp = 20.34)
13 Sat Dec 20 11:25:33 2025 Data insertion from sensor 15 succeeded
14 Sat Dec 20 11:25:33 2025 Data insertion from sensor 37 succeeded
15 Sat Dec 20 11:25:34 2025 Sensor node 15 reports it's too hot (avg temp = 20.39)
16 Sat Dec 20 11:25:34 2025 Data insertion from sensor 15 succeeded
17 Sat Dec 20 11:25:35 2025 Data insertion from sensor 15 succeeded
18 Sat Dec 20 11:25:35 2025 Data insertion from sensor 21 succeeded
19 Sat Dec 20 11:25:35 2025 Sensor node 15 reports it's too hot (avg temp = 20.44)
20 Sat Dec 20 11:25:35 2025 Data insertion from sensor 37 succeeded
21 Sat Dec 20 11:25:36 2025 Data insertion from sensor 15 succeeded
22 Sat Dec 20 11:25:36 2025 Sensor node 15 reports it's too hot (avg temp = 20.46)
23 Sat Dec 20 11:25:37 2025 Data insertion from sensor 15 succeeded
24 Sat Dec 20 11:25:37 2025 Sensor node 15 reports it's too hot (avg temp = 20.46)
25 Sat Dec 20 11:25:37 2025 Data insertion from sensor 37 succeeded
26 Sat Dec 20 11:25:37 2025 Sensor node 37 reports it's too hot (avg temp = 20.34)
27 Sat Dec 20 11:25:38 2025 Data insertion from sensor 21 succeeded
28 Sat Dec 20 11:25:38 2025 Data insertion from sensor 15 succeeded
29 Sat Dec 20 11:25:38 2025 Sensor node 15 reports it's too hot (avg temp = 20.44)
30 Sat Dec 20 11:25:39 2025 Sensor node 15 reports it's too hot (avg temp = 20.51)
31 Sat Dec 20 11:25:39 2025 Data insertion from sensor 15 succeeded
32 Sat Dec 20 11:25:39 2025 Sensor node 37 reports it's too hot (avg temp = 20.39)
33 Sat Dec 20 11:25:39 2025 Data insertion from sensor 37 succeeded
34 Sat Dec 20 11:25:40 2025 Sensor node 15 reports it's too hot (avg temp = 20.57)
35 Sat Dec 20 11:25:40 2025 Data insertion from sensor 15 succeeded
36 Sat Dec 20 11:25:41 2025 Data insertion from sensor 21 succeeded
37 Sat Dec 20 11:25:41 2025 Sensor node 21 reports it's too hot (avg temp = 20.34)
38 Sat Dec 20 11:25:41 2025 Data insertion from sensor 15 succeeded
39 Sat Dec 20 11:25:41 2025 Sensor node 15 reports it's too hot (avg temp = 20.69)
40 Sat Dec 20 11:25:41 2025 Sensor node 37 reports it's too hot (avg temp = 20.44)
41 Sat Dec 20 11:25:41 2025 Data insertion from sensor 37 succeeded
42 Sat Dec 20 11:25:42 2025 Sensor node 15 reports it's too hot (avg temp = 20.76)
43 Sat Dec 20 11:25:42 2025 Data insertion from sensor 15 succeeded
44 Sat Dec 20 11:25:43 2025 Sensor node 15 reports it's too hot (avg temp = 20.82)
45 Sat Dec 20 11:25:43 2025 Data insertion from sensor 15 succeeded
46 Sat Dec 20 11:25:43 2025 Sensor node 37 reports it's too hot (avg temp = 20.46)
47 Sat Dec 20 11:25:43 2025 Data insertion from sensor 37 succeeded
48 Sat Dec 20 11:25:44 2025 Sensor node 21 reports it's too hot (avg temp = 20.39)
49 Sat Dec 20 11:25:44 2025 Data insertion from sensor 21 succeeded
50 Sat Dec 20 11:25:44 2025 Sensor node 15 reports it's too hot (avg temp = 20.88)
51 Sat Dec 20 11:25:44 2025 Data insertion from sensor 15 succeeded
52 Sat Dec 20 11:25:45 2025 Sensor node 37 reports it's too hot (avg temp = 20.46)
53 Sat Dec 20 11:25:45 2025 Data insertion from sensor 37 succeeded
54 Sat Dec 20 11:25:45 2025 Sensor node 15 reports it's too hot (avg temp = 20.99)
55 Sat Dec 20 11:25:45 2025 Data insertion from sensor 15 succeeded
56 Sat Dec 20 11:25:46 2025 Sensor node 15 reports it's too hot (avg temp = 21.08)
57 Sat Dec 20 11:25:46 2025 Data insertion from sensor 15 succeeded
58 Sat Dec 20 11:25:47 2025 Sensor node 21 reports it's too hot (avg temp = 20.44)
59 Sat Dec 20 11:25:47 2025 Data insertion from sensor 21 succeeded
60 Sat Dec 20 11:25:47 2025 Sensor node 37 reports it's too hot (avg temp = 20.44)
61 Sat Dec 20 11:25:47 2025 Data insertion from sensor 37 succeeded
62 Sat Dec 20 11:25:47 2025 Data insertion from sensor 15 succeeded
63 Sat Dec 20 11:25:47 2025 Sensor node 15 reports it's too hot (avg temp = 21.20)
64 Sat Dec 20 11:25:48 2025 Sensor node 15 reports it's too hot (avg temp = 21.25)
65 Sat Dec 20 11:25:48 2025 Data insertion from sensor 15 succeeded
66 Sat Dec 20 11:25:49 2025 Sensor node 37 reports it's too hot (avg temp = 20.51)
67 Sat Dec 20 11:25:49 2025 Data insertion from sensor 37 succeeded
68 Sat Dec 20 11:25:49 2025 Sensor node 15 reports it's too hot (avg temp = 21.30)
69 Sat Dec 20 11:25:49 2025 Data insertion from sensor 15 succeeded
70 Sat Dec 20 11:25:50 2025 Sensor node 21 reports it's too hot (avg temp = 20.46)
71 Sat Dec 20 11:25:50 2025 Data insertion from sensor 21 succeeded
72 Sat Dec 20 11:25:50 2025 Sensor node 15 reports it's too hot (avg temp = 21.35)
73 Sat Dec 20 11:25:50 2025 Data insertion from sensor 15 succeeded
74 Sat Dec 20 11:25:51 2025 Sensor node 37 reports it's too hot (avg temp = 20.57)
75 Sat Dec 20 11:25:51 2025 Data insertion from sensor 37 succeeded
76 Sat Dec 20 11:25:51 2025 Data insertion from sensor 15 succeeded
77 Sat Dec 20 11:25:51 2025 Sensor node 15 reports it's too hot (avg temp = 21.41)
78 Sat Dec 20 11:25:52 2025 Sensor node 15 reports it's too hot (avg temp = 21.47)
79 Sat Dec 20 11:25:52 2025 Data insertion from sensor 15 succeeded
80 Sat Dec 20 11:25:53 2025 Data insertion from sensor 21 succeeded
81 Sat Dec 20 11:25:53 2025 Sensor node 21 reports it's too hot (avg temp = 20.46)
82 Sat Dec 20 11:25:53 2025 Data insertion from sensor 37 succeeded
83 Sat Dec 20 11:25:53 2025 Sensor node 37 reports it's too hot (avg temp = 20.69)
84 Sat Dec 20 11:25:53 2025 Data insertion from sensor 15 succeeded
85 Sat Dec 20 11:25:53 2025 Sensor node 15 reports it's too hot (avg temp = 21.62)
86 Sat Dec 20 11:25:54 2025 Data insertion from sensor 15 succeeded
87 Sat Dec 20 11:25:54 2025 Sensor node 15 reports it's too hot (avg temp = 21.71)
88 Sat Dec 20 11:25:55 2025 Sensor node 37 reports it's too hot (avg temp = 20.76)
89 Sat Dec 20 11:25:55 2025 Data insertion from sensor 37 succeeded
90 Sat Dec 20 11:25:55 2025 Data insertion from sensor 15 succeeded
91 Sat Dec 20 11:25:55 2025 Sensor node 15 reports it's too hot (avg temp = 21.80)
92 Sat Dec 20 11:25:56 2025 Sensor node 21 reports it's too hot (avg temp = 20.44)
93 Sat Dec 20 11:25:56 2025 Data insertion from sensor 21 succeeded
94 Sat Dec 20 11:25:56 2025 Data insertion from sensor 15 succeeded
95 Sat Dec 20 11:25:56 2025 Sensor node 15 reports it's too hot (avg temp = 21.89)
96 Sat Dec 20 11:25:57 2025 Sensor node 37 reports it's too hot (avg temp = 20.82)
97 Sat Dec 20 11:25:57 2025 Data insertion from sensor 37 succeeded
98 Sat Dec 20 11:25:57 2025 Sensor node 15 reports it's too hot (avg temp = 22.00)
99 Sat Dec 20 11:25:57 2025 Data insertion from sensor 15 succeeded
100 Sat Dec 20 11:25:58 2025 Sensor node 15 reports it's too hot (avg temp = 22.01)
101 Sat Dec 20 11:25:58 2025 Data insertion from sensor 15 succeeded
102 Sat Dec 20 11:25:59 2025 Sensor node 21 reports it's too hot (avg temp = 20.51)
103 Sat Dec 20 11:25:59 2025 Data insertion from sensor 21 succeeded
104 Sat Dec 20 11:25:59 2025 Sensor node 37 reports it's too hot (avg temp = 20.88)
105 Sat Dec 20 11:25:59 2025 Data insertion from sensor 37 succeeded
106 Sat Dec 20 11:25:59 2025 Sensor node 15 reports it's too hot (avg temp = 22.07)
107 Sat Dec 20 11:25:59 2025 Data insertion from sensor 15 succeeded
108 Sat Dec 20 11:26:00 2025 Sensor node 15 reports it's too hot (avg temp = 22.14)
109 Sat Dec 20 11:26:00 2025 Data insertion from sensor 15 succeeded
110 Sat Dec 20 11:26:01 2025 Sensor node 37 reports it's too hot (avg temp = 20.99)
111 Sat Dec 20 11:26:01 2025 Data insertion from sensor 37 succeeded
112 Sat Dec 20 11:26:01 2025 Sensor node 15 reports it's too hot (avg temp = 22.14)
113 Sat Dec 20 11:26:01 2025 Data insertion from sensor 15 succeeded
114 Sat Dec 20 11:26:02 2025 Sensor node 21 reports it's too hot (avg temp = 20.57)
115 Sat Dec 20 11:26:02 2025 Data insertion from sensor 21 succeeded
116 Sat Dec 20 11:26:02 2025 Sensor node 15 reports it's too hot (avg temp = 22.16)
117 Sat Dec 20 11:26:02 2025 Data insertion from sensor 15 succeeded
118 Sat Dec 20 11:26:03 2025 Sensor node 37 reports it's too hot (avg temp = 21.08)
119 Sat Dec 20 11:26:03 2025 Data insertion from sensor 37 succeeded
120 Sat Dec 20 11:26:03 2025 Sensor node 15 reports it's too hot (avg temp = 22.24)
121 Sat Dec 20 11:26:03 2025 Data insertion from sensor 15 succeeded
122 Sat Dec 20 11:26:04 2025 Data insertion from sensor 15 succeeded
123 Sat Dec 20 11:26:04 2025 Sensor node 15 reports it's too hot (avg temp = 22.32)
124 Sat Dec 20 11:26:05 2025 Data insertion from sensor 21 succeeded
125 Sat Dec 20 11:26:05 2025 Sensor node 21 reports it's too hot (avg temp = 20.69)
126 Sat Dec 20 11:26:05 2025 Sensor node 37 reports it's too hot (avg temp = 21.20)
127 Sat Dec 20 11:26:05 2025 Data insertion from sensor 37 succeeded
128 Sat Dec 20 11:26:05 2025 Sensor node 15 reports it's too hot (avg temp = 22.38)
129 Sat Dec 20 11:26:05 2025 Data insertion from sensor 15 succeeded
130 Sat Dec 20 11:26:06 2025 Sensor node 15 reports it's too hot (avg temp = 22.50)
131 Sat Dec 20 11:26:06 2025 Data insertion from sensor 15 succeeded
132 Sat Dec 20 11:26:07 2025 Sensor node 37 reports it's too hot (avg temp = 21.25)
133 Sat Dec 20 11:26:07 2025 Data insertion from sensor 37 succeeded
134 Sat Dec 20 11:26:07 2025 Data insertion from sensor 15 succeeded
135 Sat Dec 20 11:26:07 2025 Sensor node 15 reports it's too hot (avg temp = 22.60)
136 Sat Dec 20 11:26:08 2025 Data insertion from sensor 21 succeeded
137 Sat Dec 20 11:26:08 2025 Sensor node 21 reports it's too hot (avg temp = 20.76)
138 Sat Dec 20 11:26:08 2025 Data insertion from sensor 15 succeeded
139 Sat Dec 20 11:26:08 2025 Sensor node 15 reports it's too hot (avg temp = 22.70)
140 Sat Dec 20 11:26:09 2025 Data insertion from sensor 37 succeeded
141 Sat Dec 20 11:26:09 2025 Sensor node 37 reports it's too hot (avg temp = 21.30)
142 Sat Dec 20 11:26:09 2025 Sensor node 15 reports it's too hot (avg temp = 22.81)
143 Sat Dec 20 11:26:09 2025 Data insertion from sensor 15 succeeded
144 Sat Dec 20 11:26:10 2025 Sensor node 15 reports it's too hot (avg temp = 22.90)
145 Sat Dec 20 11:26:10 2025 Data insertion from sensor 15 succeeded
146 Sat Dec 20 11:26:11 2025 Sensor node 21 reports it's too hot (avg temp = 20.82)
147 Sat Dec 20 11:26:11 2025 Data insertion from sensor 21 succeeded
148 Sat Dec 20 11:26:11 2025 Data insertion from sensor 37 succeeded
149 Sat Dec 20 11:26:11 2025 Sensor node 37 reports it's too hot (avg temp = 21.35)
150 Sat Dec 20 11:26:11 2025 Sensor node 15 reports it's too hot (avg temp = 23.00)
151 Sat Dec 20 11:26:11 2025 Data insertion from sensor 15 succeeded
152 Sat Dec 20 11:26:12 2025 Data insertion from sensor 15 succeeded
153 Sat Dec 20 11:26:12 2025 Sensor node 15 reports it's too hot (avg temp = 23.08)
154 Sat Dec 20 11:26:13 2025 Sensor node 37 reports it's too hot (avg temp = 21.41)
155 Sat Dec 20 11:26:13 2025 Data insertion from sensor 37 succeeded
156 Sat Dec 20 11:26:13 2025 Sensor node 15 reports it's too hot (avg temp = 23.14)
157 Sat Dec 20 11:26:13 2025 Data insertion from sensor 15 succeeded
158 Sat Dec 20 11:26:14 2025 Sensor node 21 reports it's too hot (avg temp = 20.88)
159 Sat Dec 20 11:26:14 2025 Data insertion from sensor 21 succeeded
160 Sat Dec 20 11:26:14 2025 Sensor node 15 reports it's too hot (avg temp = 23.14)
161 Sat Dec 20 11:26:14 2025 Data insertion from sensor 15 succeeded
162 Sat Dec 20 11:26:15 2025 Data insertion from sensor 37 succeeded
163 Sat Dec 20 11:26:15 2025 Sensor node 37 reports it's too hot (avg temp = 21.47)
164 Sat Dec 20 11:26:15 2025 Sensor node 15 reports it's too hot (avg temp = 23.16)
165 Sat Dec 20 11:26:15 2025 Data insertion from sensor 15 succeeded
166 Sat Dec 20 11:26:16 2025 Sensor node 15 reports it's too hot (avg temp = 23.14)
167 Sat Dec 20 11:26:16 2025 Data insertion from sensor 15 succeeded
168 Sat Dec 20 11:26:17 2025 Sensor node 21 reports it's too hot (avg temp = 20.99)
169 Sat Dec 20 11:26:17 2025 Data insertion from sensor 21 succeeded
170 Sat Dec 20 11:26:17 2025 Sensor node 37 reports it's too hot (avg temp = 21.62)
171 Sat Dec 20 11:26:17 2025 Data insertion from sensor 37 succeeded
172 Sat Dec 20 11:26:17 2025 Sensor node 15 reports it's too hot (avg temp = 23.10)
173 Sat Dec 20 11:26:17 2025 Data insertion from sensor 15 succeeded
174 Sat Dec 20 11:26:18 2025 Sensor node 15 reports it's too hot (avg temp = 23.09)
175 Sat Dec 20 11:26:18 2025 Data insertion from sensor 15 succeeded
176 Sat Dec 20 11:26:19 2025 Data insertion from sensor 37 succeeded
177 Sat Dec 20 11:26:19 2025 Sensor node 37 reports it's too hot (avg temp = 21.71)
178 Sat Dec 20 11:26:19 2025 Sensor node 15 reports it's too hot (avg temp = 23.14)
179 Sat Dec 20 11:26:19 2025 Data insertion from sensor 15 succeeded
180 Sat Dec 20 11:26:20 2025 Sensor node 21 reports it's too hot (avg temp = 21.08)
181 Sat Dec 20 11:26:20 2025 Data insertion from sensor 21 succeeded
182 Sat Dec 20 11:26:20 2025 Sensor node 15 reports it's too hot (avg temp = 23.20)
183 Sat Dec 20 11:26:20 2025 Data insertion from sensor 15 succeeded
184 Sat Dec 20 11:26:21 2025 Data insertion from sensor 37 succeeded
185 Sat Dec 20 11:26:21 2025 Sensor node 37 reports it's too hot (avg temp = 21.80)
186 Sat Dec 20 11:26:21 2025 Data insertion from sensor 15 succeeded
187 Sat Dec 20 11:26:21 2025 Sensor node 15 reports it's too hot (avg temp = 23.30)
188 Sat Dec 20 11:26:22 2025 Sensor node 15 reports it's too hot (avg temp = 23.40)
189 Sat Dec 20 11:26:22 2025 Data insertion from sensor 15 succeeded
190 Sat Dec 20 11:26:23 2025 Sensor node 21 reports it's too hot (avg temp = 21.20)
191 Sat Dec 20 11:26:23 2025 Data insertion from sensor 21 succeeded
192 Sat Dec 20 11:26:23 2025 Data insertion from sensor 37 succeeded
193 Sat Dec 20 11:26:23 2025 Sensor node 37 reports it's too hot (avg temp = 21.89)
194 Sat Dec 20 11:26:23 2025 Sensor node 15 reports it's too hot (avg temp = 23.51)
195 Sat Dec 20 11:26:23 2025 Data insertion from sensor 15 succeeded
196 Sat Dec 20 11:26:24 2025 Sensor node 15 reports it's too hot (avg temp = 23.53)
197 Sat Dec 20 11:26:24 2025 Data insertion from sensor 15 succeeded
198 Sat Dec 20 11:26:25 2025 Sensor node 37 reports it's too hot (avg temp = 22.00)
199 Sat Dec 20 11:26:25 2025 Data insertion from sensor 37 succeeded
200 Sat Dec 20 11:26:25 2025 Sensor node 15 reports it's too hot (avg temp = 23.53)
201 Sat Dec 20 11:26:25 2025 Data insertion from sensor 15 succeeded
202 Sat Dec 20 11:26:26 2025 Sensor node 21 reports it's too hot (avg temp = 21.25)
203 Sat Dec 20 11:26:26 2025 Data insertion from sensor 21 succeeded
204 Sat Dec 20 11:26:26 2025 Data insertion from sensor 15 succeeded
205 Sat Dec 20 11:26:26 2025 Sensor node 15 reports it's too hot (avg temp = 23.49)
206 Sat Dec 20 11:26:27 2025 Data insertion from sensor 37 succeeded
207 Sat Dec 20 11:26:27 2025 Sensor node 37 reports it's too hot (avg temp = 22.01)
208 Sat Dec 20 11:26:27 2025 Data insertion from sensor 15 succeeded
209 Sat Dec 20 11:26:27 2025 Sensor node 15 reports it's too hot (avg temp = 23.48)
210 Sat Dec 20 11:26:28 2025 Sensor node 15 reports it's too hot (avg temp = 23.45)
211 Sat Dec 20 11:26:28 2025 Data insertion from sensor 15 succeeded
212 Sat Dec 20 11:26:29 2025 Sensor node 21 reports it's too hot (avg temp = 21.30)
213 Sat Dec 20 11:26:29 2025 Data insertion from sensor 21 succeeded
214 Sat Dec 20 11:26:29 2025 Sensor node 37 reports it's too hot (avg temp = 22.07)
215 Sat Dec 20 11:26:29 2025 Data insertion from sensor 37 succeeded
216 Sat Dec 20 11:26:29 2025 Sensor node 15 reports it's too hot (avg temp = 23.49)
217 Sat Dec 20 11:26:29 2025 Data insertion from sensor 15 succeeded
218 Sat Dec 20 11:26:30 2025 Sensor node 15 reports it's too hot (avg temp = 23.54)
219 Sat Dec 20 11:26:30 2025 Data insertion from sensor 15 succeeded
220 Sat Dec 20 11:26:31 2025 Sensor node 37 reports it's too hot (avg temp = 22.14)
221 Sat Dec 20 11:26:31 2025 Data insertion from sensor 37 succeeded
222 Sat Dec 20 11:26:31 2025 Sensor node 15 reports it's too hot (avg temp = 23.62)
223 Sat Dec 20 11:26:31 2025 Data insertion from sensor 15 succeeded
224 Sat Dec 20 11:26:32 2025 Sensor node 21 reports it's too hot (avg temp = 21.35)
225 Sat Dec 20 11:26:32 2025 Data insertion from sensor 21 succeeded
226 Sat Dec 20 11:26:32 2025 Sensor node 15 reports it's too hot (avg temp = 23.69)
227 Sat Dec 20 11:26:32 2025 Data insertion from sensor 15 succeeded
228 Sat Dec 20 11:26:33 2025 Sensor node 37 reports it's too hot (avg temp = 22.14)
229 Sat Dec 20 11:26:33 2025 Data insertion from sensor 37 succeeded
230 Sat Dec 20 11:26:33 2025 Sensor node 15 reports it's too hot (avg temp = 23.78)
231 Sat Dec 20 11:26:33 2025 Data insertion from sensor 15 succeeded
232 Sat Dec 20 11:26:34 2025 Sensor node 15 reports it's too hot (avg temp = 23.82)
233 Sat Dec 20 11:26:34 2025 Data insertion from sensor 15 succeeded
234 Sat Dec 20 11:26:35 2025 Sensor node 21 reports it's too hot (avg temp = 21.41)
235 Sat Dec 20 11:26:35 2025 Data insertion from sensor 21 succeeded
236 Sat Dec 20 11:26:35 2025 Sensor node 37 reports it's too hot (avg temp = 22.16)
237 Sat Dec 20 11:26:35 2025 Data insertion from sensor 37 succeeded
238 Sat Dec 20 11:26:35 2025 Sensor node 15 reports it's too hot (avg temp = 23.86)
239 Sat Dec 20 11:26:35 2025 Data insertion from sensor 15 succeeded
240 Sat Dec 20 11:26:36 2025 Sensor node 15 reports it's too hot (avg temp = 23.84)
241 Sat Dec 20 11:26:36 2025 Data insertion from sensor 15 succeeded
242 Sat Dec 20 11:26:37 2025 Sensor node 37 reports it's too hot (avg temp = 22.24)
243 Sat Dec 20 11:26:37 2025 Data insertion from sensor 37 succeeded
244 Sat Dec 20 11:26:37 2025 Sensor node 15 reports it's too hot (avg temp = 23.82)
245 Sat Dec 20 11:26:37 2025 Data insertion from sensor 15 succeeded
246 Sat Dec 20 11:26:38 2025 Sensor node 21 reports it's too hot (avg temp = 21.47)
247 Sat Dec 20 11:26:38 2025 Data insertion from sensor 21 succeeded
248 Sat Dec 20 11:26:38 2025 Sensor node 15 reports it's too hot (avg temp = 23.74)
249 Sat Dec 20 11:26:38 2025 Data insertion from sensor 15 succeeded
250 Sat Dec 20 11:26:39 2025 Sensor node 37 reports it's too hot (avg temp = 22.32)
251 Sat Dec 20 11:26:39 2025 Data insertion from sensor 37 succeeded
252 Sat Dec 20 11:26:39 2025 Sensor node 15 reports it's too hot (avg temp = 23.67)
253 Sat Dec 20 11:26:39 2025 Data insertion from sensor 15 succeeded
254 Sat Dec 20 11:26:40 2025 Sensor node 15 reports it's too hot (avg temp = 23.54)
255 Sat Dec 20 11:26:40 2025 Data insertion from sensor 15 succeeded
256 Sat Dec 20 11:26:41 2025 Sensor node 21 reports it's too hot (avg temp = 21.62)
257 Sat Dec 20 11:26:41 2025 Data insertion from sensor 21 succeeded
258 Sat Dec 20 11:26:41 2025 Sensor node 37 reports it's too hot (avg temp = 22.38)
259 Sat Dec 20 11:26:41 2025 Data insertion from sensor 37 succeeded
260 Sat Dec 20 11:26:41 2025 Sensor node 15 reports it's too hot (avg temp = 23.49)
261 Sat Dec 20 11:26:41 2025 Data insertion from sensor 15 succeeded
262 Sat Dec 20 11:26:42 2025 Sensor node 15 reports it's too hot (avg temp = 23.43)
263 Sat Dec 20 11:26:42 2025 Data insertion from sensor 15 succeeded
264 Sat Dec 20 11:26:43 2025 Sensor node 37 reports it's too hot (avg temp = 22.50)
265 Sat Dec 20 11:26:43 2025 Data insertion from sensor 37 succeeded
266 Sat Dec 20 11:26:43 2025 Sensor node 15 reports it's too hot (avg temp = 23.40)
267 Sat Dec 20 11:26:43 2025 Data insertion from sensor 15 succeeded
268 Sat Dec 20 11:26:44 2025 Sensor node 21 reports it's too hot (avg temp = 21.71)
269 Sat Dec 20 11:26:44 2025 Data insertion from sensor 21 succeeded
270 Sat Dec 20 11:26:44 2025 Sensor node 15 reports it's too hot (avg temp = 23.42)
271 Sat Dec 20 11:26:44 2025 Data insertion from sensor 15 succeeded
272 Sat Dec 20 11:26:45 2025 Sensor node 37 reports it's too hot (avg temp = 22.60)
273 Sat Dec 20 11:26:45 2025 Data insertion from sensor 37 succeeded
274 Sat Dec 20 11:26:45 2025 Sensor node 15 reports it's too hot (avg temp = 23.43)
275 Sat Dec 20 11:26:45 2025 Data insertion from sensor 15 succeeded
276 Sat Dec 20 11:26:46 2025 Sensor node 15 reports it's too hot (avg temp = 23.38)
277 Sat Dec 20 11:26:46 2025 Data insertion from sensor 15 succeeded
278 Sat Dec 20 11:26:47 2025 Sensor node 21 reports it's too hot (avg temp = 21.80)
279 Sat Dec 20 11:26:47 2025 Data insertion from sensor 21 succeeded
280 Sat Dec 20 11:26:47 2025 Sensor node 37 reports it's too hot (avg temp = 22.70)
281 Sat Dec 20 11:26:47 2025 Data insertion from sensor 37 succeeded
282 Sat Dec 20 11:26:47 2025 Sensor node 15 reports it's too hot (avg temp = 23.32)
283 Sat Dec 20 11:26:47 2025 Data insertion from sensor 15 succeeded
284 Sat Dec 20 11:26:48 2025 Sensor node 15 reports it's too hot (avg temp = 23.25)
285 Sat Dec 20 11:26:48 2025 Data insertion from sensor 15 succeeded
286 Sat Dec 20 11:26:49 2025 Data insertion from sensor 37 succeeded
287 Sat Dec 20 11:26:49 2025 Sensor node 37 reports it's too hot (avg temp = 22.81)
288 Sat Dec 20 11:26:49 2025 Data insertion from sensor 15 succeeded
289 Sat Dec 20 11:26:49 2025 Sensor node 15 reports it's too hot (avg temp = 23.11)
290 Sat Dec 20 11:26:50 2025 Sensor node 21 reports it's too hot (avg temp = 21.89)
291 Sat Dec 20 11:26:50 2025 Data insertion from sensor 21 succeeded
292 Sat Dec 20 11:26:50 2025 Sensor node 15 reports it's too hot (avg temp = 23.02)
293 Sat Dec 20 11:26:50 2025 Data insertion from sensor 15 succeeded
294 Sat Dec 20 11:26:51 2025 Sensor node 37 reports it's too hot (avg temp = 22.90)
295 Sat Dec 20 11:26:51 2025 Data insertion from sensor 37 succeeded
296 Sat Dec 20 11:26:51 2025 Sensor node 15 reports it's too hot (avg temp = 23.00)
297 Sat Dec 20 11:26:51 2025 Data insertion from sensor 15 succeeded
298 Sat Dec 20 11:26:52 2025 Sensor node 15 reports it's too hot (avg temp = 23.01)
299 Sat Dec 20 11:26:52 2025 Data insertion from sensor 15 succeeded
300 Sat Dec 20 11:26:53 2025 Sensor node 21 reports it's too hot (avg temp = 22.00)
301 Sat Dec 20 11:26:53 2025 Data insertion from sensor 21 succeeded
302 Sat Dec 20 11:26:53 2025 Sensor node 37 reports it's too hot (avg temp = 23.00)
303 Sat Dec 20 11:26:53 2025 Data insertion from sensor 37 succeeded
304 Sat Dec 20 11:26:53 2025 Sensor node 15 reports it's too hot (avg temp = 23.06)
305 Sat Dec 20 11:26:53 2025 Data insertion from sensor 15 succeeded
306 Sat Dec 20 11:26:54 2025 Sensor node 15 reports it's too hot (avg temp = 23.14)
307 Sat Dec 20 11:26:54 2025 Data insertion from sensor 15 succeeded
308 Sat Dec 20 11:26:55 2025 Sensor node 37 reports it's too hot (avg temp = 23.08)
309 Sat Dec 20 11:26:55 2025 Data insertion from sensor 37 succeeded
310 Sat Dec 20 11:26:55 2025 Sensor node 15 reports it's too hot (avg temp = 23.22)
311 Sat Dec 20 11:26:55 2025 Data insertion from sensor 15 succeeded
312 Sat Dec 20 11:26:56 2025 Sensor node 21 reports it's too hot (avg temp = 22.01)
313 Sat Dec 20 11:26:56 2025 Data insertion from sensor 21 succeeded
314 Sat Dec 20 11:26:56 2025 Sensor node 15 reports it's too hot (avg temp = 23.25)
315 Sat Dec 20 11:26:56 2025 Data insertion from sensor 15 succeeded
316 Sat Dec 20 11:26:57 2025 Sensor node 37 reports it's too hot (avg temp = 23.14)
317 Sat Dec 20 11:26:57 2025 Data insertion from sensor 37 succeeded
318 Sat Dec 20 11:26:57 2025 Sensor node 15 reports it's too hot (avg temp = 23.26)
319 Sat Dec 20 11:26:57 2025 Data insertion from sensor 15 succeeded
320 Sat Dec 20 11:26:58 2025 Data insertion from sensor 15 succeeded
321 Sat Dec 20 11:26:58 2025 Sensor node 15 reports it's too hot (avg temp = 23.24)
322 Sat Dec 20 11:26:59 2025 Sensor node 21 reports it's too hot (avg temp = 22.07)
323 Sat Dec 20 11:26:59 2025 Data insertion from sensor 21 succeeded
324 Sat Dec 20 11:26:59 2025 Sensor node 37 reports it's too hot (avg temp = 23.14)
325 Sat Dec 20 11:26:59 2025 Data insertion from sensor 37 succeeded
326 Sat Dec 20 11:26:59 2025 Sensor node 15 reports it's too hot (avg temp = 23.23)
327 Sat Dec 20 11:26:59 2025 Data insertion from sensor 15 succeeded
328 Sat Dec 20 11:27:00 2025 Sensor node 15 reports it's too hot (avg temp = 23.20)
329 Sat Dec 20 11:27:00 2025 Data insertion from sensor 15 succeeded
330 Sat Dec 20 11:27:01 2025 Sensor node 37 reports it's too hot (avg temp = 23.16)
331 Sat Dec 20 11:27:01 2025 Data insertion from sensor 37 succeeded
332 Sat Dec 20 11:27:01 2025 Sensor node 15 reports it's too hot (avg temp = 23.20)
333 Sat Dec 20 11:27:01 2025 Data insertion from sensor 15 succeeded
334 Sat Dec 20 11:27:02 2025 Sensor node 21 reports it's too hot (avg temp = 22.14)
335 Sat Dec 20 11:27:02 2025 Data insertion from sensor 21 succeeded
336 Sat Dec 20 11:27:02 2025 Sensor node 15 reports it's too hot (avg temp = 23.22)
337 Sat Dec 20 11:27:02 2025 Data insertion from sensor 15 succeeded
338 Sat Dec 20 11:27:03 2025 Data insertion from sensor 37 succeeded
339 Sat Dec 20 11:27:03 2025 Sensor node 37 reports it's too hot (avg temp = 23.14)
340 Sat Dec 20 11:27:03 2025 Sensor node 15 reports it's too hot (avg temp = 23.27)
341 Sat Dec 20 11:27:03 2025 Data insertion from sensor 15 succeeded
342 Sat Dec 20 11:27:04 2025 Sensor node 15 reports it's too hot (avg temp = 23.29)
343 Sat Dec 20 11:27:04 2025 Data insertion from sensor 15 succeeded
344 Sat Dec 20 11:27:05 2025 Sensor node 21 reports it's too hot (avg temp = 22.14)
345 Sat Dec 20 11:27:05 2025 Data insertion from sensor 21 succeeded
346 Sat Dec 20 11:27:05 2025 Sensor node 37 reports it's too hot (avg temp = 23.10)
347 Sat Dec 20 11:27:05 2025 Data insertion from sensor 37 succeeded
348 Sat Dec 20 11:27:05 2025 Sensor node 15 reports it's too hot (avg temp = 23.27)
349 Sat Dec 20 11:27:05 2025 Data insertion from sensor 15 succeeded
350 Sat Dec 20 11:27:06 2025 Data insertion from sensor 15 succeeded
351 Sat Dec 20 11:27:06 2025 Sensor node 15 reports it's too hot (avg temp = 23.28)
352 Sat Dec 20 11:27:07 2025 Sensor node 37 reports it's too hot (avg temp = 23.09)
353 Sat Dec 20 11:27:07 2025 Data insertion from sensor 37 succeeded
354 Sat Dec 20 11:27:07 2025 Sensor node 15 reports it's too hot (avg temp = 23.25)
355 Sat Dec 20 11:27:07 2025 Data insertion from sensor 15 succeeded
356 Sat Dec 20 11:27:08 2025 Sensor node 21 reports it's too hot (avg temp = 22.16)
357 Sat Dec 20 11:27:08 2025 Data insertion from sensor 21 succeeded
358 Sat Dec 20 11:27:08 2025 Sensor node 15 reports it's too hot (avg temp = 23.15)
359 Sat Dec 20 11:27:08 2025 Data insertion from sensor 15 succeeded
360 Sat Dec 20 11:27:09 2025 Sensor node 37 reports it's too hot (avg temp = 23.14)
361 Sat Dec 20 11:27:09 2025 Data insertion from sensor 37 succeeded
362 Sat Dec 20 11:27:09 2025 Sensor node 15 reports it's too hot (avg temp = 23.10)
363 Sat Dec 20 11:27:09 2025 Data insertion from sensor 15 succeeded
364 Sat Dec 20 11:27:10 2025 Data insertion from sensor 15 succeeded
365 Sat Dec 20 11:27:10 2025 Sensor node 15 reports it's too hot (avg temp = 23.07)
366 Sat Dec 20 11:27:11 2025 Sensor node 21 reports it's too hot (avg temp = 22.24)
367 Sat Dec 20 11:27:11 2025 Data insertion from sensor 21 succeeded
368 Sat Dec 20 11:27:11 2025 Sensor node 37 reports it's too hot (avg temp = 23.20)
369 Sat Dec 20 11:27:11 2025 Data insertion from sensor 37 succeeded
370 Sat Dec 20 11:27:11 2025 Sensor node 15 reports it's too hot (avg temp = 23.03)
371 Sat Dec 20 11:27:11 2025 Data insertion from sensor 15 succeeded
372 Sat Dec 20 11:27:12 2025 Sensor node 15 reports it's too hot (avg temp = 23.00)
373 Sat Dec 20 11:27:12 2025 Data insertion from sensor 15 succeeded
374 Sat Dec 20 11:27:13 2025 Data insertion from sensor 37 succeeded
375 Sat Dec 20 11:27:13 2025 Sensor node 37 reports it's too hot (avg temp = 23.30)
376 Sat Dec 20 11:27:13 2025 Data insertion from sensor 15 succeeded
377 Sat Dec 20 11:27:13 2025 Sensor node 15 reports it's too hot (avg temp = 22.95)
378 Sat Dec 20 11:27:14 2025 Sensor node 21 reports it's too hot (avg temp = 22.32)
379 Sat Dec 20 11:27:14 2025 Data insertion from sensor 21 succeeded
380 Sat Dec 20 11:27:14 2025 Sensor node 15 reports it's too hot (avg temp = 22.84)
381 Sat Dec 20 11:27:14 2025 Data insertion from sensor 15 succeeded
382 Sat Dec 20 11:27:15 2025 Data insertion from sensor 37 succeeded
383 Sat Dec 20 11:27:15 2025 Sensor node 37 reports it's too hot (avg temp = 23.40)
384 Sat Dec 20 11:27:15 2025 Data insertion from sensor 15 succeeded
385 Sat Dec 20 11:27:15 2025 Sensor node 15 reports it's too hot (avg temp = 22.71)
386 Sat Dec 20 11:27:16 2025 Data insertion from sensor 15 succeeded
387 Sat Dec 20 11:27:16 2025 Sensor node 15 reports it's too hot (avg temp = 22.55)
388 Sat Dec 20 11:27:17 2025 Sensor node 21 reports it's too hot (avg temp = 22.38)
389 Sat Dec 20 11:27:17 2025 Data insertion from sensor 21 succeeded
390 Sat Dec 20 11:27:17 2025 Sensor node 37 reports it's too hot (avg temp = 23.51)
391 Sat Dec 20 11:27:17 2025 Data insertion from sensor 37 succeeded
392 Sat Dec 20 11:27:17 2025 Data insertion from sensor 15 succeeded
393 Sat Dec 20 11:27:17 2025 Sensor node 15 reports it's too hot (avg temp = 22.44)
394 Sat Dec 20 11:27:18 2025 Data insertion from sensor 15 succeeded
395 Sat Dec 20 11:27:18 2025 Sensor node 15 reports it's too hot (avg temp = 22.36)
396 Sat Dec 20 11:27:19 2025 Data insertion from sensor 37 succeeded
397 Sat Dec 20 11:27:19 2025 Sensor node 37 reports it's too hot (avg temp = 23.53)
398 Sat Dec 20 11:27:19 2025 Sensor node 15 reports it's too hot (avg temp = 22.28)
399 Sat Dec 20 11:27:19 2025 Data insertion from sensor 15 succeeded
400 Sat Dec 20 11:27:20 2025 Sensor node 21 reports it's too hot (avg temp = 22.50)
401 Sat Dec 20 11:27:20 2025 Data insertion from sensor 21 succeeded
402 Sat Dec 20 11:27:20 2025 Sensor node 15 reports it's too hot (avg temp = 22.23)
403 Sat Dec 20 11:27:20 2025 Data insertion from sensor 15 succeeded
404 Sat Dec 20 11:27:21 2025 Sensor node 37 reports it's too hot (avg temp = 23.53)
405 Sat Dec 20 11:27:21 2025 Data insertion from sensor 37 succeeded
406 Sat Dec 20 11:27:21 2025 Sensor node 15 reports it's too hot (avg temp = 22.12)
407 Sat Dec 20 11:27:21 2025 Data insertion from sensor 15 succeeded
408 Sat Dec 20 11:27:22 2025 Sensor node 15 reports it's too hot (avg temp = 21.97)
409 Sat Dec 20 11:27:22 2025 Data insertion from sensor 15 succeeded
410 Sat Dec 20 11:27:23 2025 Sensor node 21 reports it's too hot (avg temp = 22.60)
411 Sat Dec 20 11:27:23 2025 Data insertion from sensor 21 succeeded
412 Sat Dec 20 11:27:23 2025 Sensor node 37 reports it's too hot (avg temp = 23.49)
413 Sat Dec 20 11:27:23 2025 Data insertion from sensor 37 succeeded
414 Sat Dec 20 11:27:23 2025 Sensor node 15 reports it's too hot (avg temp = 21.88)
415 Sat Dec 20 11:27:23 2025 Data insertion from sensor 15 succeeded
416 Sat Dec 20 11:27:24 2025 Sensor node 15 reports it's too hot (avg temp = 21.83)
417 Sat Dec 20 11:27:24 2025 Data insertion from sensor 15 succeeded
418 Sat Dec 20 11:27:25 2025 Sensor node 37 reports it's too hot (avg temp = 23.48)
419 Sat Dec 20 11:27:25 2025 Data insertion from sensor 37 succeeded
420 Sat Dec 20 11:27:25 2025 Sensor node 15 reports it's too hot (avg temp = 21.86)
421 Sat Dec 20 11:27:25 2025 Data insertion from sensor 15 succeeded
422 Sat Dec 20 11:27:26 2025 Sensor node 21 reports it's too hot (avg temp = 22.70)
423 Sat Dec 20 11:27:26 2025 Data insertion from sensor 21 succeeded
424 Sat Dec 20 11:27:26 2025 Sensor node 15 reports it's too hot (avg temp = 21.95)
425 Sat Dec 20 11:27:26 2025 Data insertion from sensor 15 succeeded
426 Sat Dec 20 11:27:27 2025 Sensor node 37 reports it's too hot (avg temp = 23.45)
427 Sat Dec 20 11:27:27 2025 Data insertion from sensor 37 succeeded
428 Sat Dec 20 11:27:27 2025 Sensor node 15 reports it's too hot (avg temp = 22.07)
429 Sat Dec 20 11:27:27 2025 Data insertion from sensor 15 succeeded
430 Sat Dec 20 11:27:28 2025 Sensor node 15 reports it's too hot (avg temp = 22.19)
431 Sat Dec 20 11:27:28 2025 Data insertion from sensor 15 succeeded
432 Sat Dec 20 11:27:29 2025 Sensor node 21 reports it's too hot (avg temp = 22.81)
433 Sat Dec 20 11:27:29 2025 Data insertion from sensor 21 succeeded
434 Sat Dec 20 11:27:29 2025 Data insertion from sensor 37 succeeded
435 Sat Dec 20 11:27:29 2025 Sensor node 37 reports it's too hot (avg temp = 23.49)
436 Sat Dec 20 11:27:29 2025 Sensor node 15 reports it's too hot (avg temp = 22.34)
437 Sat Dec 20 11:27:29 2025 Data insertion from sensor 15 succeeded
438 Sat Dec 20 11:27:30 2025 Data insertion from sensor 15 succeeded
439 Sat Dec 20 11:27:30 2025 Sensor node 15 reports it's too hot (avg temp = 22.44)
440 Sat Dec 20 11:27:31 2025 Sensor node 37 reports it's too hot (avg temp = 23.54)
441 Sat Dec 20 11:27:31 2025 Data insertion from sensor 37 succeeded
442 Sat Dec 20 11:27:31 2025 Data insertion from sensor 15 succeeded
443 Sat Dec 20 11:27:31 2025 Sensor node 15 reports it's too hot (avg temp = 22.47)
444 Sat Dec 20 11:27:32 2025 Sensor node 21 reports it's too hot (avg temp = 22.90)
445 Sat Dec 20 11:27:32 2025 Data insertion from sensor 21 succeeded
446 Sat Dec 20 11:27:32 2025 Sensor node 15 reports it's too hot (avg temp = 22.52)
447 Sat Dec 20 11:27:32 2025 Data insertion from sensor 15 succeeded
448 Sat Dec 20 11:27:33 2025 Sensor node 37 reports it's too hot (avg temp = 23.62)
449 Sat Dec 20 11:27:33 2025 Data insertion from sensor 37 succeeded
450 Sat Dec 20 11:27:33 2025 Data insertion from sensor 15 succeeded
451 Sat Dec 20 11:27:33 2025 Sensor node 15 reports it's too hot (avg temp = 22.53)
452 Sat Dec 20 11:27:34 2025 Sensor node 15 reports it's too hot (avg temp = 22.50)
453 Sat Dec 20 11:27:34 2025 Data insertion from sensor 15 succeeded
454 Sat Dec 20 11:27:35 2025 Sensor node 21 reports it's too hot (avg temp = 23.00)
455 Sat Dec 20 11:27:35 2025 Data insertion from sensor 21 succeeded
456 Sat Dec 20 11:27:35 2025 Sensor node 37 reports it's too hot (avg temp = 23.69)
457 Sat Dec 20 11:27:35 2025 Data insertion from sensor 37 succeeded
458 Sat Dec 20 11:27:35 2025 Data insertion from sensor 15 succeeded
459 Sat Dec 20 11:27:35 2025 Sensor node 15 reports it's too hot (avg temp = 22.49)
460 Sat Dec 20 11:27:36 2025 Sensor node 15 reports it's too hot (avg temp = 22.56)
461 Sat Dec 20 11:27:36 2025 Data insertion from sensor 15 succeeded
462 Sat Dec 20 11:27:37 2025 Sensor node 37 reports it's too hot (avg temp = 23.78)
463 Sat Dec 20 11:27:37 2025 Data insertion from sensor 37 succeeded
464 Sat Dec 20 11:27:37 2025 Sensor node 15 reports it's too hot (avg temp = 22.62)
465 Sat Dec 20 11:27:37 2025 Data insertion from sensor 15 succeeded
466 Sat Dec 20 11:27:38 2025 Sensor node 21 reports it's too hot (avg temp = 23.08)
467 Sat Dec 20 11:27:38 2025 Data insertion from sensor 21 succeeded
468 Sat Dec 20 11:27:38 2025 Sensor node 15 reports it's too hot (avg temp = 22.69)
469 Sat Dec 20 11:27:38 2025 Data insertion from sensor 15 succeeded
470 Sat Dec 20 11:27:39 2025 Sensor node 37 reports it's too hot (avg temp = 23.82)
471 Sat Dec 20 11:27:39 2025 Data insertion from sensor 37 succeeded
472 Sat Dec 20 11:27:39 2025 Data insertion from sensor 15 succeeded
473 Sat Dec 20 11:27:39 2025 Sensor node 15 reports it's too hot (avg temp = 22.73)
474 Sat Dec 20 11:27:40 2025 Data insertion from sensor 15 succeeded
475 Sat Dec 20 11:27:40 2025 Sensor node 15 reports it's too hot (avg temp = 22.76)
476 Sat Dec 20 11:27:41 2025 Data insertion from sensor 21 succeeded
477 Sat Dec 20 11:27:41 2025 Sensor node 21 reports it's too hot (avg temp = 23.14)
478 Sat Dec 20 11:27:41 2025 Data insertion from sensor 37 succeeded
479 Sat Dec 20 11:27:41 2025 Sensor node 37 reports it's too hot (avg temp = 23.86)
480 Sat Dec 20 11:27:41 2025 Data insertion from sensor 15 succeeded
481 Sat Dec 20 11:27:41 2025 Sensor node 15 reports it's too hot (avg temp = 22.76)
482 Sat Dec 20 11:27:42 2025 Sensor node 15 reports it's too hot (avg temp = 22.73)
483 Sat Dec 20 11:27:42 2025 Data insertion from sensor 15 succeeded
484 Sat Dec 20 11:27:43 2025 Sensor node 37 reports it's too hot (avg temp = 23.84)
485 Sat Dec 20 11:27:43 2025 Data insertion from sensor 37 succeeded
486 Sat Dec 20 11:27:43 2025 Data insertion from sensor 15 succeeded
487 Sat Dec 20 11:27:43 2025 Sensor node 15 reports it's too hot (avg temp = 22.67)
488 Sat Dec 20 11:27:44 2025 Data insertion from sensor 21 succeeded
489 Sat Dec 20 11:27:44 2025 Sensor node 21 reports it's too hot (avg temp = 23.14)
490 Sat Dec 20 11:27:44 2025 Data insertion from sensor 15 succeeded
491 Sat Dec 20 11:27:44 2025 Sensor node 15 reports it's too hot (avg temp = 22.67)
492 Sat Dec 20 11:27:45 2025 Sensor node 37 reports it's too hot (avg temp = 23.82)
493 Sat Dec 20 11:27:45 2025 Data insertion from sensor 37 succeeded
494 Sat Dec 20 11:27:45 2025 Data insertion from sensor 15 succeeded
495 Sat Dec 20 11:27:45 2025 Sensor node 15 reports it's too hot (avg temp = 22.66)
496 Sat Dec 20 11:27:46 2025 Data insertion from sensor 15 succeeded
497 Sat Dec 20 11:27:46 2025 Sensor node 15 reports it's too hot (avg temp = 22.68)
498 Sat Dec 20 11:27:47 2025 Data insertion from sensor 21 succeeded
499 Sat Dec 20 11:27:47 2025 Sensor node 21 reports it's too hot (avg temp = 23.16)
500 Sat Dec 20 11:27:47 2025 Sensor node 37 reports it's too hot (avg temp = 23.74)
501 Sat Dec 20 11:27:47 2025 Data insertion from sensor 37 succeeded
502 Sat Dec 20 11:27:47 2025 Sensor node 15 reports it's too hot (avg temp = 22.73)
503 Sat Dec 20 11:27:47 2025 Data insertion from sensor 15 succeeded
504 Sat Dec 20 11:27:48 2025 Data insertion from sensor 15 succeeded
505 Sat Dec 20 11:27:48 2025 Sensor node 15 reports it's too hot (avg temp = 22.76)
506 Sat Dec 20 11:27:49 2025 Data insertion from sensor 37 succeeded
507 Sat Dec 20 11:27:49 2025 Sensor node 37 reports it's too hot (avg temp = 23.67)
508 Sat Dec 20 11:27:49 2025 Sensor node 15 reports it's too hot (avg temp = 22.75)
509 Sat Dec 20 11:27:49 2025 Data insertion from sensor 15 succeeded
510 Sat Dec 20 11:27:50 2025 Data insertion from sensor 21 succeeded
511 Sat Dec 20 11:27:50 2025 Sensor node 21 reports it's too hot (avg temp = 23.14)
512 Sat Dec 20 11:27:50 2025 Data insertion from sensor 15 succeeded
513 Sat Dec 20 11:27:50 2025 Sensor node 15 reports it's too hot (avg temp = 22.73)
514 Sat Dec 20 11:27:51 2025 Sensor node 37 reports it's too hot (avg temp = 23.54)
515 Sat Dec 20 11:27:51 2025 Data insertion from sensor 37 succeeded
516 Sat Dec 20 11:27:51 2025 Data insertion from sensor 15 succeeded
517 Sat Dec 20 11:27:51 2025 Sensor node 15 reports it's too hot (avg temp = 22.64)
518 Sat Dec 20 11:27:52 2025 Sensor node 15 reports it's too hot (avg temp = 22.59)
519 Sat Dec 20 11:27:52 2025 Data insertion from sensor 15 succeeded
520 Sat Dec 20 11:27:53 2025 Sensor node 21 reports it's too hot (avg temp = 23.10)
521 Sat Dec 20 11:27:53 2025 Data insertion from sensor 21 succeeded
522 Sat Dec 20 11:27:53 2025 Sensor node 37 reports it's too hot (avg temp = 23.49)
523 Sat Dec 20 11:27:53 2025 Data insertion from sensor 37 succeeded
524 Sat Dec 20 11:27:53 2025 Data insertion from sensor 15 succeeded
525 Sat Dec 20 11:27:53 2025 Sensor node 15 reports it's too hot (avg temp = 22.55)
526 Sat Dec 20 11:27:54 2025 Sensor node 15 reports it's too hot (avg temp = 22.55)
527 Sat Dec 20 11:27:54 2025 Data insertion from sensor 15 succeeded
528 Sat Dec 20 11:27:55 2025 Sensor node 37 reports it's too hot (avg temp = 23.43)
529 Sat Dec 20 11:27:55 2025 Data insertion from sensor 37 succeeded
530 Sat Dec 20 11:27:55 2025 Sensor node 15 reports it's too hot (avg temp = 22.58)
531 Sat Dec 20 11:27:55 2025 Data insertion from sensor 15 succeeded
532 Sat Dec 20 11:27:56 2025 Sensor node 21 reports it's too hot (avg temp = 23.09)
533 Sat Dec 20 11:27:56 2025 Data insertion from sensor 21 succeeded
534 Sat Dec 20 11:27:56 2025 Sensor node 15 reports it's too hot (avg temp = 22.66)
535 Sat Dec 20 11:27:56 2025 Data insertion from sensor 15 succeeded
536 Sat Dec 20 11:27:57 2025 Sensor node 37 reports it's too hot (avg temp = 23.40)
537 Sat Dec 20 11:27:57 2025 Data insertion from sensor 37 succeeded
538 Sat Dec 20 11:27:57 2025 Sensor node 15 reports it's too hot (avg temp = 22.70)
539 Sat Dec 20 11:27:57 2025 Data insertion from sensor 15 succeeded
540 Sat Dec 20 11:27:58 2025 Sensor node 15 reports it's too hot (avg temp = 22.77)
541 Sat Dec 20 11:27:58 2025 Data insertion from sensor 15 succeeded
542 Sat Dec 20 11:27:59 2025 Data insertion from sensor 21 succeeded
543 Sat Dec 20 11:27:59 2025 Sensor node 21 reports it's too hot (avg temp = 23.14)
544 Sat Dec 20 11:27:59 2025 Data insertion from sensor 37 succeeded
545 Sat Dec 20 11:27:59 2025 Sensor node 37 reports it's too hot (avg temp = 23.42)
546 Sat Dec 20 11:27:59 2025 Sensor node 15 reports it's too hot (avg temp = 22.83)
547 Sat Dec 20 11:27:59 2025 Data insertion from sensor 15 succeeded
548 Sat Dec 20 11:28:00 2025 Data insertion from sensor 15 succeeded
549 Sat Dec 20 11:28:00 2025 Sensor node 15 reports it's too hot (avg temp = 22.90)
550 Sat Dec 20 11:28:01 2025 Sensor node 37 reports it's too hot (avg temp = 23.43)
551 Sat Dec 20 11:28:01 2025 Data insertion from sensor 37 succeeded
552 Sat Dec 20 11:28:01 2025 Sensor node 15 reports it's too hot (avg temp = 22.97)
553 Sat Dec 20 11:28:01 2025 Data insertion from sensor 15 succeeded
554 Sat Dec 20 11:28:02 2025 Sensor node 21 reports it's too hot (avg temp = 23.20)
555 Sat Dec 20 11:28:02 2025 Data insertion from sensor 21 succeeded
556 Sat Dec 20 11:28:02 2025 Sensor node 15 reports it's too hot (avg temp = 23.00)
557 Sat Dec 20 11:28:02 2025 Data insertion from sensor 15 succeeded
558 Sat Dec 20 11:28:03 2025 Data insertion from sensor 37 succeeded
559 Sat Dec 20 11:28:03 2025 Sensor node 37 reports it's too hot (avg temp = 23.38)
560 Sat Dec 20 11:28:03 2025 Sensor node 15 reports it's too hot (avg temp = 23.01)
561 Sat Dec 20 11:28:03 2025 Data insertion from sensor 15 succeeded
562 Sat Dec 20 11:28:04 2025 Data insertion from sensor 15 succeeded
563 Sat Dec 20 11:28:04 2025 Sensor node 15 reports it's too hot (avg temp = 23.01)
564 Sat Dec 20 11:28:05 2025 Sensor node 21 reports it's too hot (avg temp = 23.30)
565 Sat Dec 20 11:28:05 2025 Data insertion from sensor 21 succeeded
566 Sat Dec 20 11:28:05 2025 Sensor node 37 reports it's too hot (avg temp = 23.32)
567 Sat Dec 20 11:28:05 2025 Data insertion from sensor 37 succeeded
568 Sat Dec 20 11:28:05 2025 Sensor node 15 reports it's too hot (avg temp = 22.96)
569 Sat Dec 20 11:28:05 2025 Data insertion from sensor 15 succeeded
570 Sat Dec 20 11:28:06 2025 Sensor node 15 reports it's too hot (avg temp = 22.88)
571 Sat Dec 20 11:28:06 2025 Data insertion from sensor 15 succeeded
572 Sat Dec 20 11:28:07 2025 Sensor node 37 reports it's too hot (avg temp = 23.25)
573 Sat Dec 20 11:28:07 2025 Data insertion from sensor 37 succeeded
574 Sat Dec 20 11:28:07 2025 Data insertion from sensor 15 succeeded
575 Sat Dec 20 11:28:07 2025 Sensor node 15 reports it's too hot (avg temp = 22.80)
576 Sat Dec 20 11:28:08 2025 Sensor node 21 reports it's too hot (avg temp = 23.40)
577 Sat Dec 20 11:28:08 2025 Data insertion from sensor 21 succeeded
578 Sat Dec 20 11:28:08 2025 Sensor node 15 reports it's too hot (avg temp = 22.71)
579 Sat Dec 20 11:28:08 2025 Data insertion from sensor 15 succeeded
580 Sat Dec 20 11:28:09 2025 Sensor node 37 reports it's too hot (avg temp = 23.11)
581 Sat Dec 20 11:28:09 2025 Data insertion from sensor 37 succeeded
582 Sat Dec 20 11:28:09 2025 Sensor node 15 reports it's too hot (avg temp = 22.58)
583 Sat Dec 20 11:28:09 2025 Data insertion from sensor 15 succeeded
584 Sat Dec 20 11:28:10 2025 Sensor node 15 reports it's too hot (avg temp = 22.48)
585 Sat Dec 20 11:28:10 2025 Data insertion from sensor 15 succeeded
586 Sat Dec 20 11:28:11 2025 Sensor node 21 reports it's too hot (avg temp = 23.51)
587 Sat Dec 20 11:28:11 2025 Data insertion from sensor 21 succeeded
588 Sat Dec 20 11:28:11 2025 Sensor node 37 reports it's too hot (avg temp = 23.02)
589 Sat Dec 20 11:28:11 2025 Data insertion from sensor 37 succeeded
590 Sat Dec 20 11:28:11 2025 Sensor node 15 reports it's too hot (avg temp = 22.41)
591 Sat Dec 20 11:28:11 2025 Data insertion from sensor 15 succeeded
592 Sat Dec 20 11:28:12 2025 Sensor node 15 reports it's too hot (avg temp = 22.32)
593 Sat Dec 20 11:28:12 2025 Data insertion from sensor 15 succeeded
594 Sat Dec 20 11:28:13 2025 Sensor node 37 reports it's too hot (avg temp = 23.00)
595 Sat Dec 20 11:28:13 2025 Data insertion from sensor 37 succeeded
596 Sat Dec 20 11:28:13 2025 Sensor node 15 reports it's too hot (avg temp = 22.23)
597 Sat Dec 20 11:28:13 2025 Data insertion from sensor 15 succeeded
598 Sat Dec 20 11:28:14 2025 Sensor node 21 reports it's too hot (avg temp = 23.53)
599 Sat Dec 20 11:28:14 2025 Data insertion from sensor 21 succeeded
600 Sat Dec 20 11:28:14 2025 Sensor node 15 reports it's too hot (avg temp = 22.18)
601 Sat Dec 20 11:28:14 2025 Data insertion from sensor 15 succeeded
